<?xml version="1.0" encoding="UTF-8"?>
<testng-results skipped="0" failed="0" ignored="0" total="2" passed="2">
  <reporter-output>
  </reporter-output>
  <suite name="Suite" duration-ms="71" started-at="2020-07-24T11:18:11 IST" finished-at="2020-07-24T11:18:11 IST">
    <groups>
    </groups>
    <test name="Test" duration-ms="71" started-at="2020-07-24T11:18:11 IST" finished-at="2020-07-24T11:18:11 IST">
      <class name="org.maven.MavenProject.Day1">
        <test-method status="PASS" signature="test1()[pri:0, instance:org.maven.MavenProject.Day1@ea1a8d5]" name="test1" duration-ms="16" started-at="2020-07-24T11:18:11 IST" finished-at="2020-07-24T11:18:11 IST">
          <reporter-output>
          </reporter-output>
        </test-method> <!-- test1 -->
        <test-method status="PASS" signature="test2()[pri:0, instance:org.maven.MavenProject.Day1@ea1a8d5]" name="test2" duration-ms="0" started-at="2020-07-24T11:18:11 IST" finished-at="2020-07-24T11:18:11 IST">
          <reporter-output>
          </reporter-output>
        </test-method> <!-- test2 -->
      </class> <!-- org.maven.MavenProject.Day1 -->
    </test> <!-- Test -->
  </suite> <!-- Suite -->
</testng-results>
